check_hip_entry: Unknown star 'HD 63087'!
check_hip_entry: Unknown star 'HD 63087'!
check_hip_entry: Unknown star 'HD 63087'!
check_hip_entry: Unknown star 'HD 63087'!
check_hip_entry: Unknown star 'HD 63087'!
check_hip_entry: Unknown star 'HD 63087'!
check_hip_entry: Unknown star 'HD 63087'!
check_hip_entry: Unknown star 'HD 63087'!
check_hip_entry: Unknown star 'HD 63087'!
check_hip_entry: Unknown star 'HD 63087'!
check_hip_entry: Unknown star 'HD 63087'!
check_hip_entry: Unknown star 'HD 63087'!
check_hip_entry: Unknown star 'HD 63087'!
check_hip_entry: Unknown star 'HD 63087'!
check_hip_entry: Unknown star 'HD 63087'!
check_hip_entry: Unknown star 'HD 63087'!
check_hip_entry: Unknown star 'HD 63087'!
check_hip_entry: Unknown star 'HD 63087'!
check_hip_entry: Unknown star 'HD 63087'!
check_hip_entry: Unknown star 'HD 63087'!
check_hip_entry: Unknown star 'HD 63087'!
check_hip_entry: Unknown star 'HD 63087'!
Invalid time format!
Invalid time format!
Invalid time format!
any_to_hip: Invalid star label type!
parse_constellation: A letter expected in '1'!
any_to_hip: Invalid star label type!
parse_constellation: A letter expected in '1'!
any_to_hip: Invalid star label type!
parse_constellation: A letter expected in '1'!
any_to_hip: Invalid star label type!
any_to_hip: Invalid star label type!
any_to_hip: Invalid star label type!
parse_catalog_number: Bad catalog number in 'USR_star'!
parse_catalog_number: Bad catalog number in 'USR_star1'!
parse_catalog_number: Bad catalog number in 'USR_star_1'!
any_to_hip: Invalid star label type!
parse_catalog_number: Bad catalog number in 'USR_STAR'!
parse_catalog_number: Bad catalog number in 'USR_STAR_1'!
parse_catalog_number: Bad catalog number in 'USR_STAR_1'!
parse_catalog_number: Bad catalog number in 'USR_STAR_01'!
Usage:  barycorr_hrsp  <star> <date> <time>
Usage:  barycorr_hrsp  <star> <date> <time>
any_to_hip: Invalid star label type!
any_to_hip: Invalid star label type!
parse_catalog_number: Bad catalog number in 'USR_STAR'!
Usage:  barycorr_hrsp  <star> <date> <time>
parse_catalog_number: Bad catalog number in 'USR_STAR_1'!
any_to_hip: Invalid star label type!
Usage:  barycorr_hrsp  <star> <date> <time>
any_to_hip: Invalid star label type!
parse_catalog_number: Bad catalog number in 'USR_STAR_1'!
any_to_hip: Invalid star label type!
parse_catalog_number: Bad catalog number in 'USR_STAR 1'!
parse_catalog_number: Bad catalog number in 'USR STAR 1'!
any_to_hip: Invalid star label type!
any_to_hip: Invalid star label type!
any_to_hip: Invalid star label type!
any_to_hip: Invalid star label type!
any_to_hip: Invalid star label type!
parse_catalog_number: Bad catalog number in 'USR_STAR_1'!
Usage:  barycorr_hrsp  <star> <date> <time>
any_to_hip: Invalid star label type!
any_to_hip: Invalid star label type!
any_to_hip: Invalid star label type!
any_to_hip: Invalid star label type!
any_to_hip: Invalid star label type!
any_to_hip: Invalid star label type!
any_to_hip: Invalid star label type!
any_to_hip: Invalid star label type!
any_to_hip: Invalid star label type!
hrsp_dir: Environment variable HRSP not found!
hrsp_dir: Environment variable HRSP not found!
hrsp_dir: Environment variable HRSP not found!
hrsp_dir: Environment variable HRSP not found!
hrsp_dir: Environment variable HRSP not found!
hrsp_dir: Environment variable HRSP not found!
hrsp_dir: Environment variable HRSP not found!
hrsp_dir: Environment variable HRSP not found!
hrsp_dir: Environment variable HRSP not found!
hrsp_dir: Environment variable HRSP not found!
hrsp_dir: Environment variable HRSP not found!
hrsp_dir: Environment variable HRSP not found!
Usage:  barycorr_hrsp  <star> <date> <time>
Usage:  barycorr_hrsp  <star> <date> <time>
Usage:  barycorr_hrsp  <star> <date> <time>
Usage:  barycorr_hrsp  <star> <date> <time>
Usage:  barycorr_hrsp  <star> <date> <time>
get_file_open: Cannot open '/Users/ejb555/Desktop//astro/de405' for 'r'!
hrsp_dir: Environment variable HRSP not found!
hrsp_dir: Environment variable HRSP not found!
hrsp_dir: Environment variable HRSP not found!
hrsp_dir: Environment variable HRSP not found!
hrsp_dir: Environment variable HRSP not found!
hrsp_dir: Environment variable HRSP not found!
check_hip_entry: Unknown star 'HD 63087'!
check_hip_entry: Unknown star 'HD 63087'!
check_hip_entry: Unknown star 'HD 63087'!
check_hip_entry: Unknown star 'HD 63087'!
check_hip_entry: Unknown star 'HD 63087'!
check_hip_entry: Unknown star 'HD 63087'!
Invalid time format!
Invalid time format!
Invalid time format!
Invalid time format!
Invalid time format!
Invalid time format!
Invalid time format!
Invalid time format!
Invalid time format!
Invalid time format!
Invalid time format!
Invalid time format!
Invalid time format!
Invalid time format!
Invalid time format!
Invalid time format!
Invalid time format!
Invalid time format!
Invalid time format!
Invalid time format!
Invalid time format!
Invalid time format!
Invalid time format!
Invalid time format!
Invalid time format!
Invalid time format!
Invalid time format!
Invalid time format!
Invalid time format!
Invalid time format!
Invalid time format!
Invalid time format!
Invalid time format!
Invalid time format!
Invalid time format!
Invalid time format!
Invalid time format!
Invalid time format!
Invalid time format!
Invalid time format!
Invalid time format!
Invalid time format!
Invalid time format!
Invalid time format!
Invalid time format!
Invalid time format!
Invalid time format!
Invalid time format!
Invalid time format!
Invalid time format!
Invalid time format!
Invalid time format!
Invalid time format!
Invalid time format!
Invalid time format!
Invalid time format!
Invalid time format!
Invalid time format!
Invalid time format!
Invalid time format!
Invalid time format!
Invalid time format!
Invalid time format!
Invalid time format!
Invalid time format!
Invalid time format!
Invalid time format!
Invalid time format!
Invalid time format!
Invalid time format!
Invalid time format!
Invalid time format!
Invalid time format!
Invalid time format!
Invalid time format!
Invalid time format!
Invalid time format!
Invalid time format!
Invalid time format!
Invalid time format!
Invalid time format!
Invalid time format!
Invalid time format!
Invalid time format!
Invalid time format!
Invalid time format!
Invalid time format!
Invalid time format!
Invalid time format!
Invalid time format!
Invalid time format!
Invalid time format!
Invalid time format!
Invalid time format!
Invalid time format!
Invalid time format!
Invalid time format!
Invalid time format!
Invalid time format!
Invalid time format!
Invalid time format!
Invalid time format!
Invalid time format!
Invalid time format!
Invalid time format!
Invalid time format!
Invalid time format!
Invalid time format!
Invalid time format!
Invalid time format!
Invalid time format!
Invalid time format!
Invalid time format!
Invalid time format!
Invalid time format!
Invalid time format!
Invalid time format!
Invalid time format!
Invalid time format!
Invalid time format!
Invalid time format!
Invalid time format!
Invalid time format!
Invalid time format!
Invalid time format!
Invalid time format!
Invalid time format!
Invalid time format!
Invalid time format!
Invalid time format!
Invalid time format!
Invalid time format!
Invalid time format!
Invalid time format!
Invalid time format!
Invalid time format!
Invalid time format!
Invalid time format!
Invalid time format!
Invalid time format!
Invalid time format!
Invalid time format!
Invalid time format!
Invalid time format!
Invalid time format!
Invalid time format!
Invalid time format!
Invalid time format!
Invalid time format!
Invalid time format!
Invalid time format!
Invalid time format!
Invalid time format!
Invalid time format!
Invalid time format!
Invalid time format!
Invalid time format!
Invalid time format!
Invalid time format!
Invalid time format!
Invalid time format!
Invalid time format!
Invalid time format!
Invalid time format!
Invalid time format!
Invalid time format!
Invalid time format!
Invalid time format!
Invalid time format!
Invalid time format!
Invalid time format!
Invalid time format!
Invalid time format!
Invalid time format!
Invalid time format!
Invalid time format!
Invalid time format!
Invalid time format!
Invalid time format!
Invalid time format!
Invalid time format!
Invalid time format!
Invalid time format!
Invalid time format!
Invalid time format!
Invalid time format!
Invalid time format!
Invalid time format!
Invalid time format!
Invalid time format!
Invalid time format!
Invalid time format!
Invalid time format!
Invalid time format!
Invalid time format!
Invalid time format!
Invalid time format!
Invalid time format!
Invalid time format!
Invalid time format!
Invalid time format!
Invalid time format!
Invalid time format!
Invalid time format!
Invalid time format!
Invalid time format!
Invalid time format!
Invalid time format!
Invalid time format!
Invalid time format!
Invalid time format!
Invalid time format!
Invalid time format!
Invalid time format!
Invalid time format!
Invalid time format!
Invalid time format!
Invalid time format!
Invalid time format!
Invalid time format!
Invalid time format!
Invalid time format!
Invalid time format!
Invalid time format!
Invalid time format!
Invalid time format!
Invalid time format!
Invalid time format!
Invalid time format!
Invalid time format!
Invalid time format!
Invalid time format!
Invalid time format!
Invalid time format!
Invalid time format!
Invalid time format!
Invalid time format!
Invalid time format!
Invalid time format!
Invalid time format!
Invalid time format!
Invalid time format!
Invalid time format!
Invalid time format!
Invalid time format!
Invalid time format!
Invalid time format!
Invalid time format!
Invalid time format!
Invalid time format!
Invalid time format!
Invalid time format!
Invalid time format!
Invalid time format!
Invalid time format!
Invalid time format!
Invalid time format!
Invalid time format!
Invalid time format!
Invalid time format!
Invalid time format!
Invalid time format!
Invalid time format!
Invalid time format!
Invalid time format!
Invalid time format!
Invalid time format!
Invalid time format!
Invalid time format!
Invalid time format!
Invalid time format!
Invalid time format!
Invalid time format!
Invalid time format!
Invalid time format!
Invalid time format!
Invalid time format!
Invalid time format!
Invalid time format!
Invalid time format!
Invalid time format!
Invalid time format!
Invalid time format!
Invalid time format!
Invalid time format!
Invalid time format!
Invalid time format!
Invalid time format!
Invalid time format!
Invalid time format!
Invalid time format!
Invalid time format!
Invalid time format!
Invalid time format!
Invalid time format!
Invalid time format!
Invalid time format!
Invalid time format!
Invalid time format!
Invalid time format!
Invalid time format!
Invalid time format!
Invalid time format!
Invalid time format!
Invalid time format!
Invalid time format!
Invalid time format!
Invalid time format!
Invalid time format!
Invalid time format!
Invalid time format!
Invalid time format!
Invalid time format!
Invalid time format!
Invalid time format!
Invalid time format!
Invalid time format!
Invalid time format!
Invalid time format!
Invalid time format!
Invalid time format!
Invalid time format!
Invalid time format!
Invalid time format!
Invalid time format!
Invalid time format!
Invalid time format!
Invalid time format!
Invalid time format!
Invalid time format!
Invalid time format!
Invalid time format!
Invalid time format!
Invalid time format!
Invalid time format!
Invalid time format!
Invalid time format!
Invalid time format!
Invalid time format!
Invalid time format!
Invalid time format!
Invalid time format!
Invalid time format!
Invalid time format!
Invalid time format!
Invalid time format!
Invalid time format!
Invalid time format!
Invalid time format!
Invalid time format!
Invalid time format!
Invalid time format!
Invalid time format!
Invalid time format!
Invalid time format!
Invalid time format!
Invalid time format!
Invalid time format!
Invalid time format!
Invalid time format!
Invalid time format!
Invalid time format!
Invalid time format!
Invalid time format!
Invalid time format!
Invalid time format!
Invalid time format!
Invalid time format!
Invalid time format!
Invalid time format!
Invalid time format!
Invalid time format!
Invalid time format!
Invalid time format!
Invalid time format!
Invalid time format!
Invalid time format!
Invalid time format!
Invalid time format!
Invalid time format!
Invalid time format!
Invalid time format!
Invalid time format!
Invalid time format!
Invalid time format!
Invalid time format!
Invalid time format!
Invalid time format!
Invalid time format!
Invalid time format!
Invalid time format!
Invalid time format!
Invalid time format!
Invalid time format!
Invalid time format!
Invalid time format!
Invalid time format!
Invalid time format!
Invalid time format!
Invalid time format!
Invalid time format!
Invalid time format!
Invalid time format!
Invalid time format!
Invalid time format!
Invalid time format!
Invalid time format!
Invalid time format!
Invalid time format!
Invalid time format!
Invalid time format!
Invalid time format!
Invalid time format!
Invalid time format!
Invalid time format!
Invalid time format!
Invalid time format!
Invalid time format!
Invalid time format!
Invalid time format!
Invalid time format!
Invalid time format!
Invalid time format!
Invalid time format!
Invalid time format!
Invalid time format!
Invalid time format!
Invalid time format!
Invalid time format!
Invalid time format!
Invalid time format!
Invalid time format!
Invalid time format!
Invalid time format!
Invalid time format!
Invalid time format!
Invalid time format!
Invalid time format!
Invalid time format!
Invalid time format!
Invalid time format!
Invalid time format!
Invalid time format!
Invalid time format!
Invalid time format!
Invalid time format!
Invalid time format!
Invalid time format!
Invalid time format!
Invalid time format!
Invalid time format!
Invalid time format!
Invalid time format!
Invalid time format!
Invalid time format!
Invalid time format!
Invalid time format!
Invalid time format!
Invalid time format!
Invalid time format!
Invalid time format!
Invalid time format!
Invalid time format!
Invalid time format!
Invalid time format!
Invalid time format!
Invalid time format!
Invalid time format!
Invalid time format!
Invalid time format!
Invalid time format!
Invalid time format!
Invalid time format!
Invalid time format!
Invalid time format!
Invalid time format!
Invalid time format!
Invalid time format!
Invalid time format!
Invalid time format!
Invalid time format!
Invalid time format!
Invalid time format!
Invalid time format!
Invalid time format!
Invalid time format!
Invalid time format!
Invalid time format!
Invalid time format!
Invalid time format!
Invalid time format!
Invalid time format!
Invalid time format!
Invalid time format!
Invalid time format!
Invalid time format!
Invalid time format!
Invalid time format!
Invalid time format!
Invalid time format!
Invalid time format!
Invalid time format!
Invalid time format!
Invalid time format!
Invalid time format!
Invalid time format!
Invalid time format!
Invalid time format!
Invalid time format!
Invalid time format!
Invalid time format!
Invalid time format!
Invalid time format!
Invalid time format!
Invalid time format!
Invalid time format!
Invalid time format!
Invalid time format!
Invalid time format!
Invalid time format!
Invalid time format!
Invalid time format!
Invalid time format!
Invalid time format!
Invalid time format!
Invalid time format!
Invalid time format!
Invalid time format!
Invalid time format!
Invalid time format!
Invalid time format!
Invalid time format!
Invalid time format!
Invalid time format!
Invalid time format!
Invalid time format!
Invalid time format!
Invalid time format!
Invalid time format!
Invalid time format!
Invalid time format!
Invalid time format!
Invalid time format!
Invalid time format!
Invalid time format!
Invalid time format!
Invalid time format!
Invalid time format!
Invalid time format!
Invalid time format!
Invalid time format!
Invalid time format!
Invalid time format!
Invalid time format!
Invalid time format!
Invalid time format!
Invalid time format!
Invalid time format!
Invalid time format!
Invalid time format!
Invalid time format!
Invalid time format!
Invalid time format!
Invalid time format!
Invalid time format!
Invalid time format!
Invalid time format!
Invalid time format!
Invalid time format!
Invalid time format!
Invalid time format!
Invalid time format!
Invalid time format!
Invalid time format!
Invalid time format!
Invalid time format!
Invalid time format!
Invalid time format!
Invalid time format!
Invalid time format!
Invalid time format!
Invalid time format!
Invalid time format!
Invalid time format!
Invalid time format!
Invalid time format!
Invalid time format!
Invalid time format!
Invalid time format!
Invalid time format!
Invalid time format!
Invalid time format!
Invalid time format!
Invalid time format!
Invalid time format!
Invalid time format!
Invalid time format!
Invalid time format!
Invalid time format!
Invalid time format!
Invalid time format!
Invalid time format!
Invalid time format!
Invalid time format!
Invalid time format!
Invalid time format!
Invalid time format!
Invalid time format!
Invalid time format!
Invalid time format!
Invalid time format!
Invalid time format!
Invalid time format!
Invalid time format!
Invalid time format!
Invalid time format!
Invalid time format!
Invalid time format!
Invalid time format!
Invalid time format!
Invalid time format!
Invalid time format!
Invalid time format!
Invalid time format!
Invalid time format!
Invalid time format!
Invalid time format!
Invalid time format!
Invalid time format!
Invalid time format!
Invalid time format!
Invalid time format!
Invalid time format!
Invalid time format!
Invalid time format!
Invalid time format!
Invalid time format!
Invalid time format!
Invalid time format!
Invalid time format!
Invalid time format!
Invalid time format!
Invalid time format!
Invalid time format!
Invalid time format!
Invalid time format!
Invalid time format!
Invalid time format!
Invalid time format!
Invalid time format!
Invalid time format!
Invalid time format!
Invalid time format!
Invalid time format!
Invalid time format!
Invalid time format!
Invalid time format!
Invalid time format!
Invalid time format!
Invalid time format!
Invalid time format!
Invalid time format!
Invalid time format!
Invalid time format!
Invalid time format!
Invalid time format!
Invalid time format!
Invalid time format!
Invalid time format!
Invalid time format!
